<?xml version="1.0" encoding="UTF-8" ?>
<testsuite tests="24" failures="0" name="QATools.MavenCucumberProject.RunnerTest" time="11.396" errors="0" skipped="0">
  <properties>
    <property name="java.runtime.name" value="Java(TM) SE Runtime Environment"/>
    <property name="sun.boot.library.path" value="C:\Program Files\Java\jdk1.8.0_171\jre\bin"/>
    <property name="java.vm.version" value="25.171-b11"/>
    <property name="java.vm.vendor" value="Oracle Corporation"/>
    <property name="maven.multiModuleProjectDirectory" value="C:\Users\MarkBascara\git\CucumberPageObject\MavenCucumberPageObject"/>
    <property name="java.vendor.url" value="http://java.oracle.com/"/>
    <property name="path.separator" value=";"/>
    <property name="guice.disable.misplaced.annotation.check" value="true"/>
    <property name="java.vm.name" value="Java HotSpot(TM) 64-Bit Server VM"/>
    <property name="file.encoding.pkg" value="sun.io"/>
    <property name="user.script" value=""/>
    <property name="user.country" value="NZ"/>
    <property name="sun.java.launcher" value="SUN_STANDARD"/>
    <property name="sun.os.patch.level" value=""/>
    <property name="java.vm.specification.name" value="Java Virtual Machine Specification"/>
    <property name="user.dir" value="C:\Users\MarkBascara\git\CucumberPageObject\MavenCucumberPageObject"/>
    <property name="java.runtime.version" value="1.8.0_171-b11"/>
    <property name="java.awt.graphicsenv" value="sun.awt.Win32GraphicsEnvironment"/>
    <property name="java.endorsed.dirs" value="C:\Program Files\Java\jdk1.8.0_171\jre\lib\endorsed"/>
    <property name="os.arch" value="amd64"/>
    <property name="java.io.tmpdir" value="C:\Users\MARKBA~1\AppData\Local\Temp\"/>
    <property name="line.separator" value="
"/>
    <property name="java.vm.specification.vendor" value="Oracle Corporation"/>
    <property name="user.variant" value=""/>
    <property name="os.name" value="Windows 10"/>
    <property name="classworlds.conf" value="C:\Users\MarkBascara\eclipse-workspace\.metadata\.plugins\org.eclipse.m2e.launching\launches\m2conf3638288604909388920.tmp"/>
    <property name="sun.jnu.encoding" value="Cp1252"/>
    <property name="java.library.path" value="C:\Program Files\Java\jdk1.8.0_171\bin;C:\WINDOWS\Sun\Java\bin;C:\WINDOWS\system32;C:\WINDOWS;C:/Program Files/Java/jdk1.8.0_171/bin/../jre/bin/server;C:/Program Files/Java/jdk1.8.0_171/bin/../jre/bin;C:/Program Files/Java/jdk1.8.0_171/bin/../jre/lib/amd64;C:\Program Files\Java\jdk1.8.0_171\bin;C:\ProgramData\Oracle\Java\javapath;C:\Program Files (x86)\TRICENTIS\Tosca Testsuite;C:\Tosca_Projects;C:\Program Files (x86)\TRICENTIS\Tosca Testsuite\dll;C:\Program Files (x86)\TRICENTIS\Tosca Testsuite\dll\GuptaEngine;C:\Program Files (x86)\TRICENTIS\Tosca Testsuite\;C:\Program Files (x86)\TRICENTIS\Tosca Testsuite\dll\DelphiEngine;C:\Program Files (x86)\TRICENTIS\Tosca Testsuite\dll\PBEngine;C:\Program Files (x86)\TRICENTIS\Tosca Testsuite\dll\VBEngine;C:\Program Files (x86)\TRICENTIS\Tosca Testsuite\dll\DotNetHooking;;C:\Program Files (x86)\TRICENTIS\Tosca Testsuite\Resources\Mobile\Tools;C:\WINDOWS\system32;C:\WINDOWS;C:\WINDOWS\System32\Wbem;C:\WINDOWS\System32\WindowsPowerShell\v1.0\;C:\Program Files\nodejs\;C:\Users\MarkBascara\AppData\Local\Android\Sdk\platform-tools\;C:\Users\MarkBascara\AppData\Local\Android\Sdk\tools\;C:\Users\MarkBascara\AppData\Local\Android\Sdk\tools\bin\;;C:\WINDOWS\System32\OpenSSH\;C:\Users\MarkBascara\AppData\Local\Microsoft\WindowsApps;C:\Users\MarkBascara\AppData\Roaming\npm;C:\Users\MarkBascara\AppData\Local\Programs\Fiddler;;%USERPROFILE%\AppData\Local\Microsoft\WindowsApps;C:\Users\MarkBascara\Downloads\eclipse-java-oxygen-2-win32-x86_64\eclipse;;."/>
    <property name="java.specification.name" value="Java Platform API Specification"/>
    <property name="java.class.version" value="52.0"/>
    <property name="sun.management.compiler" value="HotSpot 64-Bit Tiered Compilers"/>
    <property name="os.version" value="10.0"/>
    <property name="user.home" value="C:\Users\MarkBascara"/>
    <property name="user.timezone" value="Pacific/Auckland"/>
    <property name="java.awt.printerjob" value="sun.awt.windows.WPrinterJob"/>
    <property name="java.specification.version" value="1.8"/>
    <property name="file.encoding" value="Cp1252"/>
    <property name="user.name" value="MarkBascara"/>
    <property name="java.class.path" value="C:\Users\MarkBascara\Downloads\eclipse-java-oxygen-2-win32-x86_64\eclipse\plugins\org.eclipse.m2e.maven.runtime_1.8.2.20171007-0216\jars\plexus-classworlds-2.5.2.jar"/>
    <property name="java.vm.specification.version" value="1.8"/>
    <property name="sun.arch.data.model" value="64"/>
    <property name="java.home" value="C:\Program Files\Java\jdk1.8.0_171\jre"/>
    <property name="sun.java.command" value="org.codehaus.plexus.classworlds.launcher.Launcher -B test"/>
    <property name="java.specification.vendor" value="Oracle Corporation"/>
    <property name="user.language" value="en"/>
    <property name="awt.toolkit" value="sun.awt.windows.WToolkit"/>
    <property name="java.vm.info" value="mixed mode"/>
    <property name="java.version" value="1.8.0_171"/>
    <property name="java.ext.dirs" value="C:\Program Files\Java\jdk1.8.0_171\jre\lib\ext;C:\WINDOWS\Sun\Java\lib\ext"/>
    <property name="sun.boot.class.path" value="C:\Program Files\Java\jdk1.8.0_171\jre\lib\resources.jar;C:\Program Files\Java\jdk1.8.0_171\jre\lib\rt.jar;C:\Program Files\Java\jdk1.8.0_171\jre\lib\sunrsasign.jar;C:\Program Files\Java\jdk1.8.0_171\jre\lib\jsse.jar;C:\Program Files\Java\jdk1.8.0_171\jre\lib\jce.jar;C:\Program Files\Java\jdk1.8.0_171\jre\lib\charsets.jar;C:\Program Files\Java\jdk1.8.0_171\jre\lib\jfr.jar;C:\Program Files\Java\jdk1.8.0_171\jre\classes"/>
    <property name="java.vendor" value="Oracle Corporation"/>
    <property name="maven.home" value="C:\Users\MarkBascara\git\CucumberPageObject\MavenCucumberPageObject\EMBEDDED"/>
    <property name="file.separator" value="\"/>
    <property name="java.vendor.url.bug" value="http://bugreport.sun.com/bugreport/"/>
    <property name="sun.cpu.endian" value="little"/>
    <property name="sun.io.unicode.encoding" value="UnicodeLittle"/>
    <property name="sun.desktop" value="windows"/>
    <property name="sun.cpu.isalist" value="amd64"/>
  </properties>
  <testcase classname="Scenario: Login to Website" name="Given User is on home page" time="0.006"/>
  <testcase classname="Scenario: Login to Website" name="When User clicks on login" time="0"/>
  <testcase classname="Scenario: Login to Website" name="And User enters username and password" time="0"/>
  <testcase classname="Scenario: Login to Website" name="Then User must be logged in and display username on the web site" time="0"/>
  <testcase classname="Scenario: Login to Website" name="Scenario: Login to Website" time="2.276"/>
  <testcase classname="Scenario: Add to cart" name="Given User is on home page" time="0"/>
  <testcase classname="Scenario: Add to cart" name="When User clicks Electronics" time="0"/>
  <testcase classname="Scenario: Add to cart" name="And Selects Smartphone" time="0"/>
  <testcase classname="Scenario: Add to cart" name="And Selects Add to Cart button" time="0"/>
  <testcase classname="Scenario: Add to cart" name="Then Item should be added to cart" time="0.001"/>
  <testcase classname="Scenario: Add to cart" name="Scenario: Add to cart" time="2.288"/>
  <testcase classname="Scenario: Go to Cart" name="Given User is on home page" time="0"/>
  <testcase classname="Scenario: Go to Cart" name="When User clicks Shopping Cart" time="0"/>
  <testcase classname="Scenario: Go to Cart" name="Then User will be redirected to Shopping Cart page" time="0"/>
  <testcase classname="Scenario: Go to Cart" name="Scenario: Go to Cart" time="2.245"/>
  <testcase classname="Scenario: Checkout and Confirm Order" name="Given User is on home page" time="0"/>
  <testcase classname="Scenario: Checkout and Confirm Order" name="When Logged in User add an item to cart" time="0"/>
  <testcase classname="Scenario: Checkout and Confirm Order" name="And User complete the Checkout Information page" time="0"/>
  <testcase classname="Scenario: Checkout and Confirm Order" name="Then will see a message on the screen that the order is completed" time="0"/>
  <testcase classname="Scenario: Checkout and Confirm Order" name="Scenario: Checkout and Confirm Order" time="2.28"/>
  <testcase classname="Scenario: Successful Logout" name="Given User is on home page" time="0"/>
  <testcase classname="Scenario: Successful Logout" name="When User clicks on the logout link" time="0"/>
  <testcase classname="Scenario: Successful Logout" name="Then User will be logged out" time="0"/>
  <testcase classname="Scenario: Successful Logout" name="Scenario: Successful Logout" time="2.3"/>
</testsuite>